[0.717s] Invoking command in '/home/william/ros2_ws/src/teleop': PYTHONPATH=/home/william/ros2_ws/build/teleop/prefix_override:/home/william/ros2_ws/install/teleop/lib/python3.10/site-packages:${PYTHONPATH} /usr/bin/python3 setup.py egg_info --egg-base ../../build/teleop build --build-base /home/william/ros2_ws/build/teleop/build install --record /home/william/ros2_ws/build/teleop/install.log --single-version-externally-managed
[0.964s] running egg_info
[0.965s] writing ../../build/teleop/teleop.egg-info/PKG-INFO
[0.965s] writing dependency_links to ../../build/teleop/teleop.egg-info/dependency_links.txt
[0.965s] writing entry points to ../../build/teleop/teleop.egg-info/entry_points.txt
[0.966s] writing requirements to ../../build/teleop/teleop.egg-info/requires.txt
[0.966s] writing top-level names to ../../build/teleop/teleop.egg-info/top_level.txt
[0.967s] reading manifest file '../../build/teleop/teleop.egg-info/SOURCES.txt'
[0.968s] writing manifest file '../../build/teleop/teleop.egg-info/SOURCES.txt'
[0.968s] running build
[0.968s] running build_py
[0.968s] running install
[0.969s] running install_lib
[0.969s] creating /home/william/ros2_ws/install/teleop/lib/python3.10/site-packages/teleop
[0.969s] copying /home/william/ros2_ws/build/teleop/build/lib/teleop/motorController.py -> /home/william/ros2_ws/install/teleop/lib/python3.10/site-packages/teleop
[0.969s] copying /home/william/ros2_ws/build/teleop/build/lib/teleop/joyListener.py -> /home/william/ros2_ws/install/teleop/lib/python3.10/site-packages/teleop
[0.970s] copying /home/william/ros2_ws/build/teleop/build/lib/teleop/__init__.py -> /home/william/ros2_ws/install/teleop/lib/python3.10/site-packages/teleop
[0.970s] byte-compiling /home/william/ros2_ws/install/teleop/lib/python3.10/site-packages/teleop/motorController.py to motorController.cpython-310.pyc
[0.970s] byte-compiling /home/william/ros2_ws/install/teleop/lib/python3.10/site-packages/teleop/joyListener.py to joyListener.cpython-310.pyc
[0.971s] byte-compiling /home/william/ros2_ws/install/teleop/lib/python3.10/site-packages/teleop/__init__.py to __init__.cpython-310.pyc
[0.971s] running install_data
[0.971s] creating /home/william/ros2_ws/install/teleop/share/ament_index
[0.971s] creating /home/william/ros2_ws/install/teleop/share/ament_index/resource_index
[0.972s] creating /home/william/ros2_ws/install/teleop/share/ament_index/resource_index/packages
[0.972s] copying resource/teleop -> /home/william/ros2_ws/install/teleop/share/ament_index/resource_index/packages
[0.972s] copying package.xml -> /home/william/ros2_ws/install/teleop/share/teleop
[0.972s] creating /home/william/ros2_ws/install/teleop/share/teleop/launch
[0.972s] copying launch/firstLaunch.py -> /home/william/ros2_ws/install/teleop/share/teleop/launch
[0.972s] running install_egg_info
[0.973s] Copying ../../build/teleop/teleop.egg-info to /home/william/ros2_ws/install/teleop/lib/python3.10/site-packages/teleop-0.0.0-py3.10.egg-info
[0.974s] running install_scripts
[0.991s] writing list of installed files to '/home/william/ros2_ws/build/teleop/install.log'
[1.009s] Invoked command in '/home/william/ros2_ws/src/teleop' returned '0': PYTHONPATH=/home/william/ros2_ws/build/teleop/prefix_override:/home/william/ros2_ws/install/teleop/lib/python3.10/site-packages:${PYTHONPATH} /usr/bin/python3 setup.py egg_info --egg-base ../../build/teleop build --build-base /home/william/ros2_ws/build/teleop/build install --record /home/william/ros2_ws/build/teleop/install.log --single-version-externally-managed
