/home/william/cusub2.1/install/cusub2_teleoperation/lib/python3.10/site-packages/cusub2_teleoperation/motorController.py
/home/william/cusub2.1/install/cusub2_teleoperation/lib/python3.10/site-packages/cusub2_teleoperation/testMC.py
/home/william/cusub2.1/install/cusub2_teleoperation/lib/python3.10/site-packages/cusub2_teleoperation/test.py
/home/william/cusub2.1/install/cusub2_teleoperation/lib/python3.10/site-packages/cusub2_teleoperation/joyListener.py
/home/william/cusub2.1/install/cusub2_teleoperation/lib/python3.10/site-packages/cusub2_teleoperation/__init__.py
/home/william/cusub2.1/install/cusub2_teleoperation/lib/python3.10/site-packages/cusub2_teleoperation/test5.py
/home/william/cusub2.1/install/cusub2_teleoperation/lib/python3.10/site-packages/cusub2_teleoperation/Maestro/maestro.py
/home/william/cusub2.1/install/cusub2_teleoperation/lib/python3.10/site-packages/cusub2_teleoperation/Maestro/__init__.py
/home/william/cusub2.1/install/cusub2_teleoperation/lib/python3.10/site-packages/cusub2_teleoperation/Maestro/umaestro.py
/home/william/cusub2.1/install/cusub2_teleoperation/lib/python3.10/site-packages/cusub2_teleoperation/__pycache__/motorController.cpython-310.pyc
/home/william/cusub2.1/install/cusub2_teleoperation/lib/python3.10/site-packages/cusub2_teleoperation/__pycache__/testMC.cpython-310.pyc
/home/william/cusub2.1/install/cusub2_teleoperation/lib/python3.10/site-packages/cusub2_teleoperation/__pycache__/test.cpython-310.pyc
/home/william/cusub2.1/install/cusub2_teleoperation/lib/python3.10/site-packages/cusub2_teleoperation/__pycache__/joyListener.cpython-310.pyc
/home/william/cusub2.1/install/cusub2_teleoperation/lib/python3.10/site-packages/cusub2_teleoperation/__pycache__/__init__.cpython-310.pyc
/home/william/cusub2.1/install/cusub2_teleoperation/lib/python3.10/site-packages/cusub2_teleoperation/__pycache__/test5.cpython-310.pyc
/home/william/cusub2.1/install/cusub2_teleoperation/lib/python3.10/site-packages/cusub2_teleoperation/Maestro/__pycache__/maestro.cpython-310.pyc
/home/william/cusub2.1/install/cusub2_teleoperation/lib/python3.10/site-packages/cusub2_teleoperation/Maestro/__pycache__/__init__.cpython-310.pyc
/home/william/cusub2.1/install/cusub2_teleoperation/lib/python3.10/site-packages/cusub2_teleoperation/Maestro/__pycache__/umaestro.cpython-310.pyc
/home/william/cusub2.1/install/cusub2_teleoperation/share/ament_index/resource_index/packages/cusub2_teleoperation
/home/william/cusub2.1/install/cusub2_teleoperation/share/cusub2_teleoperation/package.xml
/home/william/cusub2.1/install/cusub2_teleoperation/share/cusub2_teleoperation/launch/cusub2_teleop_launch.py
/home/william/cusub2.1/install/cusub2_teleoperation/lib/python3.10/site-packages/cusub2_teleoperation-0.0.0-py3.10.egg-info/top_level.txt
/home/william/cusub2.1/install/cusub2_teleoperation/lib/python3.10/site-packages/cusub2_teleoperation-0.0.0-py3.10.egg-info/requires.txt
/home/william/cusub2.1/install/cusub2_teleoperation/lib/python3.10/site-packages/cusub2_teleoperation-0.0.0-py3.10.egg-info/dependency_links.txt
/home/william/cusub2.1/install/cusub2_teleoperation/lib/python3.10/site-packages/cusub2_teleoperation-0.0.0-py3.10.egg-info/zip-safe
/home/william/cusub2.1/install/cusub2_teleoperation/lib/python3.10/site-packages/cusub2_teleoperation-0.0.0-py3.10.egg-info/PKG-INFO
/home/william/cusub2.1/install/cusub2_teleoperation/lib/python3.10/site-packages/cusub2_teleoperation-0.0.0-py3.10.egg-info/entry_points.txt
/home/william/cusub2.1/install/cusub2_teleoperation/lib/python3.10/site-packages/cusub2_teleoperation-0.0.0-py3.10.egg-info/SOURCES.txt
/home/william/cusub2.1/install/cusub2_teleoperation/lib/cusub2_teleoperation/joyListener
