[1.072s] DEBUG:colcon:Command line arguments: ['/usr/bin/colcon', 'build']
[1.072s] DEBUG:colcon:Parsed command line arguments: Namespace(log_base=None, log_level=None, verb_name='build', build_base='build', install_base='install', merge_install=False, symlink_install=False, test_result_base=None, continue_on_error=False, executor='parallel', parallel_workers=12, event_handlers=None, ignore_user_meta=False, metas=['./colcon.meta'], base_paths=['.'], packages_ignore=None, packages_ignore_regex=None, paths=None, packages_up_to=None, packages_up_to_regex=None, packages_above=None, packages_above_and_dependencies=None, packages_above_depth=None, packages_select_by_dep=None, packages_skip_by_dep=None, packages_skip_up_to=None, packages_select_build_failed=False, packages_skip_build_finished=False, packages_select_test_failures=False, packages_skip_test_passed=False, packages_select=None, packages_skip=None, packages_select_regex=None, packages_skip_regex=None, packages_start=None, packages_end=None, allow_overriding=[], cmake_args=None, cmake_target=None, cmake_target_skip_unavailable=False, cmake_clean_cache=False, cmake_clean_first=False, cmake_force_configure=False, ament_cmake_args=None, catkin_cmake_args=None, catkin_skip_building_tests=False, verb_parser=<colcon_defaults.argument_parser.defaults.DefaultArgumentsDecorator object at 0x7f06d605c7c0>, verb_extension=<colcon_core.verb.build.BuildVerb object at 0x7f06d6f32e60>, main=<bound method BuildVerb.main of <colcon_core.verb.build.BuildVerb object at 0x7f06d6f32e60>>)
[1.118s] Level 1:colcon.colcon_core.package_discovery:discover_packages(colcon_meta) check parameters
[1.119s] Level 1:colcon.colcon_core.package_discovery:discover_packages(recursive) check parameters
[1.119s] Level 1:colcon.colcon_core.package_discovery:discover_packages(ignore) check parameters
[1.119s] Level 1:colcon.colcon_core.package_discovery:discover_packages(path) check parameters
[1.119s] Level 1:colcon.colcon_core.package_discovery:discover_packages(colcon_meta) discover
[1.119s] Level 1:colcon.colcon_core.package_discovery:discover_packages(recursive) discover
[1.119s] INFO:colcon.colcon_core.package_discovery:Crawling recursively for packages in '/home/william/ros2_ws'
[1.119s] Level 1:colcon.colcon_core.package_identification:_identify(.) by extensions ['ignore', 'ignore_ament_install']
[1.119s] Level 1:colcon.colcon_core.package_identification:_identify(.) by extension 'ignore'
[1.119s] Level 1:colcon.colcon_core.package_identification:_identify(.) by extension 'ignore_ament_install'
[1.119s] Level 1:colcon.colcon_core.package_identification:_identify(.) by extensions ['colcon_pkg']
[1.119s] Level 1:colcon.colcon_core.package_identification:_identify(.) by extension 'colcon_pkg'
[1.119s] Level 1:colcon.colcon_core.package_identification:_identify(.) by extensions ['colcon_meta']
[1.119s] Level 1:colcon.colcon_core.package_identification:_identify(.) by extension 'colcon_meta'
[1.119s] Level 1:colcon.colcon_core.package_identification:_identify(.) by extensions ['ros']
[1.119s] Level 1:colcon.colcon_core.package_identification:_identify(.) by extension 'ros'
[1.128s] Level 1:colcon.colcon_core.package_identification:_identify(.) by extensions ['cmake', 'python']
[1.128s] Level 1:colcon.colcon_core.package_identification:_identify(.) by extension 'cmake'
[1.128s] Level 1:colcon.colcon_core.package_identification:_identify(.) by extension 'python'
[1.128s] Level 1:colcon.colcon_core.package_identification:_identify(.) by extensions ['python_setup_py']
[1.128s] Level 1:colcon.colcon_core.package_identification:_identify(.) by extension 'python_setup_py'
[1.128s] Level 1:colcon.colcon_core.package_identification:_identify(build) by extensions ['ignore', 'ignore_ament_install']
[1.128s] Level 1:colcon.colcon_core.package_identification:_identify(build) by extension 'ignore'
[1.128s] Level 1:colcon.colcon_core.package_identification:_identify(build) ignored
[1.128s] Level 1:colcon.colcon_core.package_identification:_identify(cusub2.1) by extensions ['ignore', 'ignore_ament_install']
[1.128s] Level 1:colcon.colcon_core.package_identification:_identify(cusub2.1) by extension 'ignore'
[1.128s] Level 1:colcon.colcon_core.package_identification:_identify(cusub2.1) by extension 'ignore_ament_install'
[1.128s] Level 1:colcon.colcon_core.package_identification:_identify(cusub2.1) by extensions ['colcon_pkg']
[1.128s] Level 1:colcon.colcon_core.package_identification:_identify(cusub2.1) by extension 'colcon_pkg'
[1.128s] Level 1:colcon.colcon_core.package_identification:_identify(cusub2.1) by extensions ['colcon_meta']
[1.128s] Level 1:colcon.colcon_core.package_identification:_identify(cusub2.1) by extension 'colcon_meta'
[1.128s] Level 1:colcon.colcon_core.package_identification:_identify(cusub2.1) by extensions ['ros']
[1.128s] Level 1:colcon.colcon_core.package_identification:_identify(cusub2.1) by extension 'ros'
[1.128s] Level 1:colcon.colcon_core.package_identification:_identify(cusub2.1) by extensions ['cmake', 'python']
[1.129s] Level 1:colcon.colcon_core.package_identification:_identify(cusub2.1) by extension 'cmake'
[1.129s] Level 1:colcon.colcon_core.package_identification:_identify(cusub2.1) by extension 'python'
[1.129s] Level 1:colcon.colcon_core.package_identification:_identify(cusub2.1) by extensions ['python_setup_py']
[1.129s] Level 1:colcon.colcon_core.package_identification:_identify(cusub2.1) by extension 'python_setup_py'
[1.129s] Level 1:colcon.colcon_core.package_identification:_identify(cusub2.1/Maestro) by extensions ['ignore', 'ignore_ament_install']
[1.129s] Level 1:colcon.colcon_core.package_identification:_identify(cusub2.1/Maestro) by extension 'ignore'
[1.129s] Level 1:colcon.colcon_core.package_identification:_identify(cusub2.1/Maestro) by extension 'ignore_ament_install'
[1.129s] Level 1:colcon.colcon_core.package_identification:_identify(cusub2.1/Maestro) by extensions ['colcon_pkg']
[1.129s] Level 1:colcon.colcon_core.package_identification:_identify(cusub2.1/Maestro) by extension 'colcon_pkg'
[1.129s] Level 1:colcon.colcon_core.package_identification:_identify(cusub2.1/Maestro) by extensions ['colcon_meta']
[1.129s] Level 1:colcon.colcon_core.package_identification:_identify(cusub2.1/Maestro) by extension 'colcon_meta'
[1.129s] Level 1:colcon.colcon_core.package_identification:_identify(cusub2.1/Maestro) by extensions ['ros']
[1.129s] Level 1:colcon.colcon_core.package_identification:_identify(cusub2.1/Maestro) by extension 'ros'
[1.129s] Level 1:colcon.colcon_core.package_identification:_identify(cusub2.1/Maestro) by extensions ['cmake', 'python']
[1.129s] Level 1:colcon.colcon_core.package_identification:_identify(cusub2.1/Maestro) by extension 'cmake'
[1.129s] Level 1:colcon.colcon_core.package_identification:_identify(cusub2.1/Maestro) by extension 'python'
[1.129s] Level 1:colcon.colcon_core.package_identification:_identify(cusub2.1/Maestro) by extensions ['python_setup_py']
[1.129s] Level 1:colcon.colcon_core.package_identification:_identify(cusub2.1/Maestro) by extension 'python_setup_py'
[1.129s] Level 1:colcon.colcon_core.package_identification:_identify(cusub2.1/WiringPi) by extensions ['ignore', 'ignore_ament_install']
[1.129s] Level 1:colcon.colcon_core.package_identification:_identify(cusub2.1/WiringPi) by extension 'ignore'
[1.129s] Level 1:colcon.colcon_core.package_identification:_identify(cusub2.1/WiringPi) by extension 'ignore_ament_install'
[1.129s] Level 1:colcon.colcon_core.package_identification:_identify(cusub2.1/WiringPi) by extensions ['colcon_pkg']
[1.130s] Level 1:colcon.colcon_core.package_identification:_identify(cusub2.1/WiringPi) by extension 'colcon_pkg'
[1.130s] Level 1:colcon.colcon_core.package_identification:_identify(cusub2.1/WiringPi) by extensions ['colcon_meta']
[1.130s] Level 1:colcon.colcon_core.package_identification:_identify(cusub2.1/WiringPi) by extension 'colcon_meta'
[1.130s] Level 1:colcon.colcon_core.package_identification:_identify(cusub2.1/WiringPi) by extensions ['ros']
[1.130s] Level 1:colcon.colcon_core.package_identification:_identify(cusub2.1/WiringPi) by extension 'ros'
[1.130s] Level 1:colcon.colcon_core.package_identification:_identify(cusub2.1/WiringPi) by extensions ['cmake', 'python']
[1.130s] Level 1:colcon.colcon_core.package_identification:_identify(cusub2.1/WiringPi) by extension 'cmake'
[1.130s] Level 1:colcon.colcon_core.package_identification:_identify(cusub2.1/WiringPi) by extension 'python'
[1.130s] Level 1:colcon.colcon_core.package_identification:_identify(cusub2.1/WiringPi) by extensions ['python_setup_py']
[1.130s] Level 1:colcon.colcon_core.package_identification:_identify(cusub2.1/WiringPi) by extension 'python_setup_py'
[1.130s] Level 1:colcon.colcon_core.package_identification:_identify(cusub2.1/__pycache__) by extensions ['ignore', 'ignore_ament_install']
[1.130s] Level 1:colcon.colcon_core.package_identification:_identify(cusub2.1/__pycache__) by extension 'ignore'
[1.130s] Level 1:colcon.colcon_core.package_identification:_identify(cusub2.1/__pycache__) by extension 'ignore_ament_install'
[1.130s] Level 1:colcon.colcon_core.package_identification:_identify(cusub2.1/__pycache__) by extensions ['colcon_pkg']
[1.130s] Level 1:colcon.colcon_core.package_identification:_identify(cusub2.1/__pycache__) by extension 'colcon_pkg'
[1.130s] Level 1:colcon.colcon_core.package_identification:_identify(cusub2.1/__pycache__) by extensions ['colcon_meta']
[1.130s] Level 1:colcon.colcon_core.package_identification:_identify(cusub2.1/__pycache__) by extension 'colcon_meta'
[1.130s] Level 1:colcon.colcon_core.package_identification:_identify(cusub2.1/__pycache__) by extensions ['ros']
[1.130s] Level 1:colcon.colcon_core.package_identification:_identify(cusub2.1/__pycache__) by extension 'ros'
[1.130s] Level 1:colcon.colcon_core.package_identification:_identify(cusub2.1/__pycache__) by extensions ['cmake', 'python']
[1.130s] Level 1:colcon.colcon_core.package_identification:_identify(cusub2.1/__pycache__) by extension 'cmake'
[1.130s] Level 1:colcon.colcon_core.package_identification:_identify(cusub2.1/__pycache__) by extension 'python'
[1.130s] Level 1:colcon.colcon_core.package_identification:_identify(cusub2.1/__pycache__) by extensions ['python_setup_py']
[1.130s] Level 1:colcon.colcon_core.package_identification:_identify(cusub2.1/__pycache__) by extension 'python_setup_py'
[1.130s] Level 1:colcon.colcon_core.package_identification:_identify(cusub2.1/cusub2_teleop) by extensions ['ignore', 'ignore_ament_install']
[1.131s] Level 1:colcon.colcon_core.package_identification:_identify(cusub2.1/cusub2_teleop) by extension 'ignore'
[1.131s] Level 1:colcon.colcon_core.package_identification:_identify(cusub2.1/cusub2_teleop) by extension 'ignore_ament_install'
[1.131s] Level 1:colcon.colcon_core.package_identification:_identify(cusub2.1/cusub2_teleop) by extensions ['colcon_pkg']
[1.131s] Level 1:colcon.colcon_core.package_identification:_identify(cusub2.1/cusub2_teleop) by extension 'colcon_pkg'
[1.131s] Level 1:colcon.colcon_core.package_identification:_identify(cusub2.1/cusub2_teleop) by extensions ['colcon_meta']
[1.131s] Level 1:colcon.colcon_core.package_identification:_identify(cusub2.1/cusub2_teleop) by extension 'colcon_meta'
[1.131s] Level 1:colcon.colcon_core.package_identification:_identify(cusub2.1/cusub2_teleop) by extensions ['ros']
[1.131s] Level 1:colcon.colcon_core.package_identification:_identify(cusub2.1/cusub2_teleop) by extension 'ros'
[1.131s] Level 1:colcon.colcon_core.package_identification:_identify(cusub2.1/cusub2_teleop) by extensions ['cmake', 'python']
[1.131s] Level 1:colcon.colcon_core.package_identification:_identify(cusub2.1/cusub2_teleop) by extension 'cmake'
[1.131s] Level 1:colcon.colcon_core.package_identification:_identify(cusub2.1/cusub2_teleop) by extension 'python'
[1.131s] Level 1:colcon.colcon_core.package_identification:_identify(cusub2.1/cusub2_teleop) by extensions ['python_setup_py']
[1.131s] Level 1:colcon.colcon_core.package_identification:_identify(cusub2.1/cusub2_teleop) by extension 'python_setup_py'
[1.131s] Level 1:colcon.colcon_core.package_identification:_identify(cusub2.1/cusub2_teleop/__pycache__) by extensions ['ignore', 'ignore_ament_install']
[1.131s] Level 1:colcon.colcon_core.package_identification:_identify(cusub2.1/cusub2_teleop/__pycache__) by extension 'ignore'
[1.131s] Level 1:colcon.colcon_core.package_identification:_identify(cusub2.1/cusub2_teleop/__pycache__) by extension 'ignore_ament_install'
[1.131s] Level 1:colcon.colcon_core.package_identification:_identify(cusub2.1/cusub2_teleop/__pycache__) by extensions ['colcon_pkg']
[1.131s] Level 1:colcon.colcon_core.package_identification:_identify(cusub2.1/cusub2_teleop/__pycache__) by extension 'colcon_pkg'
[1.131s] Level 1:colcon.colcon_core.package_identification:_identify(cusub2.1/cusub2_teleop/__pycache__) by extensions ['colcon_meta']
[1.131s] Level 1:colcon.colcon_core.package_identification:_identify(cusub2.1/cusub2_teleop/__pycache__) by extension 'colcon_meta'
[1.131s] Level 1:colcon.colcon_core.package_identification:_identify(cusub2.1/cusub2_teleop/__pycache__) by extensions ['ros']
[1.131s] Level 1:colcon.colcon_core.package_identification:_identify(cusub2.1/cusub2_teleop/__pycache__) by extension 'ros'
[1.131s] Level 1:colcon.colcon_core.package_identification:_identify(cusub2.1/cusub2_teleop/__pycache__) by extensions ['cmake', 'python']
[1.131s] Level 1:colcon.colcon_core.package_identification:_identify(cusub2.1/cusub2_teleop/__pycache__) by extension 'cmake'
[1.131s] Level 1:colcon.colcon_core.package_identification:_identify(cusub2.1/cusub2_teleop/__pycache__) by extension 'python'
[1.131s] Level 1:colcon.colcon_core.package_identification:_identify(cusub2.1/cusub2_teleop/__pycache__) by extensions ['python_setup_py']
[1.132s] Level 1:colcon.colcon_core.package_identification:_identify(cusub2.1/cusub2_teleop/__pycache__) by extension 'python_setup_py'
[1.132s] Level 1:colcon.colcon_core.package_identification:_identify(cusub2.1/docs) by extensions ['ignore', 'ignore_ament_install']
[1.132s] Level 1:colcon.colcon_core.package_identification:_identify(cusub2.1/docs) by extension 'ignore'
[1.132s] Level 1:colcon.colcon_core.package_identification:_identify(cusub2.1/docs) by extension 'ignore_ament_install'
[1.132s] Level 1:colcon.colcon_core.package_identification:_identify(cusub2.1/docs) by extensions ['colcon_pkg']
[1.132s] Level 1:colcon.colcon_core.package_identification:_identify(cusub2.1/docs) by extension 'colcon_pkg'
[1.132s] Level 1:colcon.colcon_core.package_identification:_identify(cusub2.1/docs) by extensions ['colcon_meta']
[1.132s] Level 1:colcon.colcon_core.package_identification:_identify(cusub2.1/docs) by extension 'colcon_meta'
[1.132s] Level 1:colcon.colcon_core.package_identification:_identify(cusub2.1/docs) by extensions ['ros']
[1.132s] Level 1:colcon.colcon_core.package_identification:_identify(cusub2.1/docs) by extension 'ros'
[1.132s] Level 1:colcon.colcon_core.package_identification:_identify(cusub2.1/docs) by extensions ['cmake', 'python']
[1.132s] Level 1:colcon.colcon_core.package_identification:_identify(cusub2.1/docs) by extension 'cmake'
[1.132s] Level 1:colcon.colcon_core.package_identification:_identify(cusub2.1/docs) by extension 'python'
[1.132s] Level 1:colcon.colcon_core.package_identification:_identify(cusub2.1/docs) by extensions ['python_setup_py']
[1.132s] Level 1:colcon.colcon_core.package_identification:_identify(cusub2.1/docs) by extension 'python_setup_py'
[1.132s] Level 1:colcon.colcon_core.package_identification:_identify(cusub2.1/docs/_build) by extensions ['ignore', 'ignore_ament_install']
[1.132s] Level 1:colcon.colcon_core.package_identification:_identify(cusub2.1/docs/_build) by extension 'ignore'
[1.132s] Level 1:colcon.colcon_core.package_identification:_identify(cusub2.1/docs/_build) by extension 'ignore_ament_install'
[1.132s] Level 1:colcon.colcon_core.package_identification:_identify(cusub2.1/docs/_build) by extensions ['colcon_pkg']
[1.132s] Level 1:colcon.colcon_core.package_identification:_identify(cusub2.1/docs/_build) by extension 'colcon_pkg'
[1.132s] Level 1:colcon.colcon_core.package_identification:_identify(cusub2.1/docs/_build) by extensions ['colcon_meta']
[1.132s] Level 1:colcon.colcon_core.package_identification:_identify(cusub2.1/docs/_build) by extension 'colcon_meta'
[1.132s] Level 1:colcon.colcon_core.package_identification:_identify(cusub2.1/docs/_build) by extensions ['ros']
[1.132s] Level 1:colcon.colcon_core.package_identification:_identify(cusub2.1/docs/_build) by extension 'ros'
[1.133s] Level 1:colcon.colcon_core.package_identification:_identify(cusub2.1/docs/_build) by extensions ['cmake', 'python']
[1.133s] Level 1:colcon.colcon_core.package_identification:_identify(cusub2.1/docs/_build) by extension 'cmake'
[1.133s] Level 1:colcon.colcon_core.package_identification:_identify(cusub2.1/docs/_build) by extension 'python'
[1.133s] Level 1:colcon.colcon_core.package_identification:_identify(cusub2.1/docs/_build) by extensions ['python_setup_py']
[1.133s] Level 1:colcon.colcon_core.package_identification:_identify(cusub2.1/docs/_build) by extension 'python_setup_py'
[1.133s] Level 1:colcon.colcon_core.package_identification:_identify(cusub2.1/docs/_build/doctrees) by extensions ['ignore', 'ignore_ament_install']
[1.133s] Level 1:colcon.colcon_core.package_identification:_identify(cusub2.1/docs/_build/doctrees) by extension 'ignore'
[1.133s] Level 1:colcon.colcon_core.package_identification:_identify(cusub2.1/docs/_build/doctrees) by extension 'ignore_ament_install'
[1.133s] Level 1:colcon.colcon_core.package_identification:_identify(cusub2.1/docs/_build/doctrees) by extensions ['colcon_pkg']
[1.133s] Level 1:colcon.colcon_core.package_identification:_identify(cusub2.1/docs/_build/doctrees) by extension 'colcon_pkg'
[1.133s] Level 1:colcon.colcon_core.package_identification:_identify(cusub2.1/docs/_build/doctrees) by extensions ['colcon_meta']
[1.133s] Level 1:colcon.colcon_core.package_identification:_identify(cusub2.1/docs/_build/doctrees) by extension 'colcon_meta'
[1.133s] Level 1:colcon.colcon_core.package_identification:_identify(cusub2.1/docs/_build/doctrees) by extensions ['ros']
[1.133s] Level 1:colcon.colcon_core.package_identification:_identify(cusub2.1/docs/_build/doctrees) by extension 'ros'
[1.133s] Level 1:colcon.colcon_core.package_identification:_identify(cusub2.1/docs/_build/doctrees) by extensions ['cmake', 'python']
[1.133s] Level 1:colcon.colcon_core.package_identification:_identify(cusub2.1/docs/_build/doctrees) by extension 'cmake'
[1.133s] Level 1:colcon.colcon_core.package_identification:_identify(cusub2.1/docs/_build/doctrees) by extension 'python'
[1.133s] Level 1:colcon.colcon_core.package_identification:_identify(cusub2.1/docs/_build/doctrees) by extensions ['python_setup_py']
[1.133s] Level 1:colcon.colcon_core.package_identification:_identify(cusub2.1/docs/_build/doctrees) by extension 'python_setup_py'
[1.133s] Level 1:colcon.colcon_core.package_identification:_identify(cusub2.1/docs/_build/html) by extensions ['ignore', 'ignore_ament_install']
[1.133s] Level 1:colcon.colcon_core.package_identification:_identify(cusub2.1/docs/_build/html) by extension 'ignore'
[1.133s] Level 1:colcon.colcon_core.package_identification:_identify(cusub2.1/docs/_build/html) by extension 'ignore_ament_install'
[1.134s] Level 1:colcon.colcon_core.package_identification:_identify(cusub2.1/docs/_build/html) by extensions ['colcon_pkg']
[1.134s] Level 1:colcon.colcon_core.package_identification:_identify(cusub2.1/docs/_build/html) by extension 'colcon_pkg'
[1.134s] Level 1:colcon.colcon_core.package_identification:_identify(cusub2.1/docs/_build/html) by extensions ['colcon_meta']
[1.134s] Level 1:colcon.colcon_core.package_identification:_identify(cusub2.1/docs/_build/html) by extension 'colcon_meta'
[1.134s] Level 1:colcon.colcon_core.package_identification:_identify(cusub2.1/docs/_build/html) by extensions ['ros']
[1.134s] Level 1:colcon.colcon_core.package_identification:_identify(cusub2.1/docs/_build/html) by extension 'ros'
[1.134s] Level 1:colcon.colcon_core.package_identification:_identify(cusub2.1/docs/_build/html) by extensions ['cmake', 'python']
[1.134s] Level 1:colcon.colcon_core.package_identification:_identify(cusub2.1/docs/_build/html) by extension 'cmake'
[1.134s] Level 1:colcon.colcon_core.package_identification:_identify(cusub2.1/docs/_build/html) by extension 'python'
[1.134s] Level 1:colcon.colcon_core.package_identification:_identify(cusub2.1/docs/_build/html) by extensions ['python_setup_py']
[1.134s] Level 1:colcon.colcon_core.package_identification:_identify(cusub2.1/docs/_build/html) by extension 'python_setup_py'
[1.134s] Level 1:colcon.colcon_core.package_identification:_identify(cusub2.1/docs/_build/html/_sources) by extensions ['ignore', 'ignore_ament_install']
[1.134s] Level 1:colcon.colcon_core.package_identification:_identify(cusub2.1/docs/_build/html/_sources) by extension 'ignore'
[1.134s] Level 1:colcon.colcon_core.package_identification:_identify(cusub2.1/docs/_build/html/_sources) by extension 'ignore_ament_install'
[1.134s] Level 1:colcon.colcon_core.package_identification:_identify(cusub2.1/docs/_build/html/_sources) by extensions ['colcon_pkg']
[1.134s] Level 1:colcon.colcon_core.package_identification:_identify(cusub2.1/docs/_build/html/_sources) by extension 'colcon_pkg'
[1.134s] Level 1:colcon.colcon_core.package_identification:_identify(cusub2.1/docs/_build/html/_sources) by extensions ['colcon_meta']
[1.134s] Level 1:colcon.colcon_core.package_identification:_identify(cusub2.1/docs/_build/html/_sources) by extension 'colcon_meta'
[1.134s] Level 1:colcon.colcon_core.package_identification:_identify(cusub2.1/docs/_build/html/_sources) by extensions ['ros']
[1.134s] Level 1:colcon.colcon_core.package_identification:_identify(cusub2.1/docs/_build/html/_sources) by extension 'ros'
[1.134s] Level 1:colcon.colcon_core.package_identification:_identify(cusub2.1/docs/_build/html/_sources) by extensions ['cmake', 'python']
[1.134s] Level 1:colcon.colcon_core.package_identification:_identify(cusub2.1/docs/_build/html/_sources) by extension 'cmake'
[1.134s] Level 1:colcon.colcon_core.package_identification:_identify(cusub2.1/docs/_build/html/_sources) by extension 'python'
[1.134s] Level 1:colcon.colcon_core.package_identification:_identify(cusub2.1/docs/_build/html/_sources) by extensions ['python_setup_py']
[1.134s] Level 1:colcon.colcon_core.package_identification:_identify(cusub2.1/docs/_build/html/_sources) by extension 'python_setup_py'
[1.135s] Level 1:colcon.colcon_core.package_identification:_identify(cusub2.1/docs/_build/html/_static) by extensions ['ignore', 'ignore_ament_install']
[1.135s] Level 1:colcon.colcon_core.package_identification:_identify(cusub2.1/docs/_build/html/_static) by extension 'ignore'
[1.135s] Level 1:colcon.colcon_core.package_identification:_identify(cusub2.1/docs/_build/html/_static) by extension 'ignore_ament_install'
[1.135s] Level 1:colcon.colcon_core.package_identification:_identify(cusub2.1/docs/_build/html/_static) by extensions ['colcon_pkg']
[1.135s] Level 1:colcon.colcon_core.package_identification:_identify(cusub2.1/docs/_build/html/_static) by extension 'colcon_pkg'
[1.135s] Level 1:colcon.colcon_core.package_identification:_identify(cusub2.1/docs/_build/html/_static) by extensions ['colcon_meta']
[1.135s] Level 1:colcon.colcon_core.package_identification:_identify(cusub2.1/docs/_build/html/_static) by extension 'colcon_meta'
[1.135s] Level 1:colcon.colcon_core.package_identification:_identify(cusub2.1/docs/_build/html/_static) by extensions ['ros']
[1.135s] Level 1:colcon.colcon_core.package_identification:_identify(cusub2.1/docs/_build/html/_static) by extension 'ros'
[1.135s] Level 1:colcon.colcon_core.package_identification:_identify(cusub2.1/docs/_build/html/_static) by extensions ['cmake', 'python']
[1.135s] Level 1:colcon.colcon_core.package_identification:_identify(cusub2.1/docs/_build/html/_static) by extension 'cmake'
[1.135s] Level 1:colcon.colcon_core.package_identification:_identify(cusub2.1/docs/_build/html/_static) by extension 'python'
[1.135s] Level 1:colcon.colcon_core.package_identification:_identify(cusub2.1/docs/_build/html/_static) by extensions ['python_setup_py']
[1.135s] Level 1:colcon.colcon_core.package_identification:_identify(cusub2.1/docs/_build/html/_static) by extension 'python_setup_py'
[1.135s] Level 1:colcon.colcon_core.package_identification:_identify(cusub2.1/docs/_build/html/_static/css) by extensions ['ignore', 'ignore_ament_install']
[1.135s] Level 1:colcon.colcon_core.package_identification:_identify(cusub2.1/docs/_build/html/_static/css) by extension 'ignore'
[1.135s] Level 1:colcon.colcon_core.package_identification:_identify(cusub2.1/docs/_build/html/_static/css) by extension 'ignore_ament_install'
[1.135s] Level 1:colcon.colcon_core.package_identification:_identify(cusub2.1/docs/_build/html/_static/css) by extensions ['colcon_pkg']
[1.135s] Level 1:colcon.colcon_core.package_identification:_identify(cusub2.1/docs/_build/html/_static/css) by extension 'colcon_pkg'
[1.135s] Level 1:colcon.colcon_core.package_identification:_identify(cusub2.1/docs/_build/html/_static/css) by extensions ['colcon_meta']
[1.135s] Level 1:colcon.colcon_core.package_identification:_identify(cusub2.1/docs/_build/html/_static/css) by extension 'colcon_meta'
[1.135s] Level 1:colcon.colcon_core.package_identification:_identify(cusub2.1/docs/_build/html/_static/css) by extensions ['ros']
[1.135s] Level 1:colcon.colcon_core.package_identification:_identify(cusub2.1/docs/_build/html/_static/css) by extension 'ros'
[1.136s] Level 1:colcon.colcon_core.package_identification:_identify(cusub2.1/docs/_build/html/_static/css) by extensions ['cmake', 'python']
[1.136s] Level 1:colcon.colcon_core.package_identification:_identify(cusub2.1/docs/_build/html/_static/css) by extension 'cmake'
[1.136s] Level 1:colcon.colcon_core.package_identification:_identify(cusub2.1/docs/_build/html/_static/css) by extension 'python'
[1.136s] Level 1:colcon.colcon_core.package_identification:_identify(cusub2.1/docs/_build/html/_static/css) by extensions ['python_setup_py']
[1.136s] Level 1:colcon.colcon_core.package_identification:_identify(cusub2.1/docs/_build/html/_static/css) by extension 'python_setup_py'
[1.136s] Level 1:colcon.colcon_core.package_identification:_identify(cusub2.1/docs/_build/html/_static/css/fonts) by extensions ['ignore', 'ignore_ament_install']
[1.136s] Level 1:colcon.colcon_core.package_identification:_identify(cusub2.1/docs/_build/html/_static/css/fonts) by extension 'ignore'
[1.136s] Level 1:colcon.colcon_core.package_identification:_identify(cusub2.1/docs/_build/html/_static/css/fonts) by extension 'ignore_ament_install'
[1.136s] Level 1:colcon.colcon_core.package_identification:_identify(cusub2.1/docs/_build/html/_static/css/fonts) by extensions ['colcon_pkg']
[1.136s] Level 1:colcon.colcon_core.package_identification:_identify(cusub2.1/docs/_build/html/_static/css/fonts) by extension 'colcon_pkg'
[1.136s] Level 1:colcon.colcon_core.package_identification:_identify(cusub2.1/docs/_build/html/_static/css/fonts) by extensions ['colcon_meta']
[1.136s] Level 1:colcon.colcon_core.package_identification:_identify(cusub2.1/docs/_build/html/_static/css/fonts) by extension 'colcon_meta'
[1.136s] Level 1:colcon.colcon_core.package_identification:_identify(cusub2.1/docs/_build/html/_static/css/fonts) by extensions ['ros']
[1.136s] Level 1:colcon.colcon_core.package_identification:_identify(cusub2.1/docs/_build/html/_static/css/fonts) by extension 'ros'
[1.136s] Level 1:colcon.colcon_core.package_identification:_identify(cusub2.1/docs/_build/html/_static/css/fonts) by extensions ['cmake', 'python']
[1.136s] Level 1:colcon.colcon_core.package_identification:_identify(cusub2.1/docs/_build/html/_static/css/fonts) by extension 'cmake'
[1.136s] Level 1:colcon.colcon_core.package_identification:_identify(cusub2.1/docs/_build/html/_static/css/fonts) by extension 'python'
[1.136s] Level 1:colcon.colcon_core.package_identification:_identify(cusub2.1/docs/_build/html/_static/css/fonts) by extensions ['python_setup_py']
[1.136s] Level 1:colcon.colcon_core.package_identification:_identify(cusub2.1/docs/_build/html/_static/css/fonts) by extension 'python_setup_py'
[1.136s] Level 1:colcon.colcon_core.package_identification:_identify(cusub2.1/docs/_build/html/_static/js) by extensions ['ignore', 'ignore_ament_install']
[1.136s] Level 1:colcon.colcon_core.package_identification:_identify(cusub2.1/docs/_build/html/_static/js) by extension 'ignore'
[1.136s] Level 1:colcon.colcon_core.package_identification:_identify(cusub2.1/docs/_build/html/_static/js) by extension 'ignore_ament_install'
[1.136s] Level 1:colcon.colcon_core.package_identification:_identify(cusub2.1/docs/_build/html/_static/js) by extensions ['colcon_pkg']
[1.137s] Level 1:colcon.colcon_core.package_identification:_identify(cusub2.1/docs/_build/html/_static/js) by extension 'colcon_pkg'
[1.137s] Level 1:colcon.colcon_core.package_identification:_identify(cusub2.1/docs/_build/html/_static/js) by extensions ['colcon_meta']
[1.137s] Level 1:colcon.colcon_core.package_identification:_identify(cusub2.1/docs/_build/html/_static/js) by extension 'colcon_meta'
[1.137s] Level 1:colcon.colcon_core.package_identification:_identify(cusub2.1/docs/_build/html/_static/js) by extensions ['ros']
[1.137s] Level 1:colcon.colcon_core.package_identification:_identify(cusub2.1/docs/_build/html/_static/js) by extension 'ros'
[1.137s] Level 1:colcon.colcon_core.package_identification:_identify(cusub2.1/docs/_build/html/_static/js) by extensions ['cmake', 'python']
[1.137s] Level 1:colcon.colcon_core.package_identification:_identify(cusub2.1/docs/_build/html/_static/js) by extension 'cmake'
[1.137s] Level 1:colcon.colcon_core.package_identification:_identify(cusub2.1/docs/_build/html/_static/js) by extension 'python'
[1.137s] Level 1:colcon.colcon_core.package_identification:_identify(cusub2.1/docs/_build/html/_static/js) by extensions ['python_setup_py']
[1.137s] Level 1:colcon.colcon_core.package_identification:_identify(cusub2.1/docs/_build/html/_static/js) by extension 'python_setup_py'
[1.137s] Level 1:colcon.colcon_core.package_identification:_identify(install) by extensions ['ignore', 'ignore_ament_install']
[1.137s] Level 1:colcon.colcon_core.package_identification:_identify(install) by extension 'ignore'
[1.137s] Level 1:colcon.colcon_core.package_identification:_identify(install) ignored
[1.137s] Level 1:colcon.colcon_core.package_identification:_identify(log) by extensions ['ignore', 'ignore_ament_install']
[1.137s] Level 1:colcon.colcon_core.package_identification:_identify(log) by extension 'ignore'
[1.137s] Level 1:colcon.colcon_core.package_identification:_identify(log) ignored
[1.137s] Level 1:colcon.colcon_core.package_identification:_identify(src) by extensions ['ignore', 'ignore_ament_install']
[1.137s] Level 1:colcon.colcon_core.package_identification:_identify(src) by extension 'ignore'
[1.137s] Level 1:colcon.colcon_core.package_identification:_identify(src) by extension 'ignore_ament_install'
[1.138s] Level 1:colcon.colcon_core.package_identification:_identify(src) by extensions ['colcon_pkg']
[1.138s] Level 1:colcon.colcon_core.package_identification:_identify(src) by extension 'colcon_pkg'
[1.138s] Level 1:colcon.colcon_core.package_identification:_identify(src) by extensions ['colcon_meta']
[1.138s] Level 1:colcon.colcon_core.package_identification:_identify(src) by extension 'colcon_meta'
[1.138s] Level 1:colcon.colcon_core.package_identification:_identify(src) by extensions ['ros']
[1.138s] Level 1:colcon.colcon_core.package_identification:_identify(src) by extension 'ros'
[1.138s] Level 1:colcon.colcon_core.package_identification:_identify(src) by extensions ['cmake', 'python']
[1.138s] Level 1:colcon.colcon_core.package_identification:_identify(src) by extension 'cmake'
[1.138s] Level 1:colcon.colcon_core.package_identification:_identify(src) by extension 'python'
[1.138s] Level 1:colcon.colcon_core.package_identification:_identify(src) by extensions ['python_setup_py']
[1.138s] Level 1:colcon.colcon_core.package_identification:_identify(src) by extension 'python_setup_py'
[1.138s] Level 1:colcon.colcon_core.package_identification:_identify(src/teleop) by extensions ['ignore', 'ignore_ament_install']
[1.138s] Level 1:colcon.colcon_core.package_identification:_identify(src/teleop) by extension 'ignore'
[1.138s] Level 1:colcon.colcon_core.package_identification:_identify(src/teleop) by extension 'ignore_ament_install'
[1.138s] Level 1:colcon.colcon_core.package_identification:_identify(src/teleop) by extensions ['colcon_pkg']
[1.138s] Level 1:colcon.colcon_core.package_identification:_identify(src/teleop) by extension 'colcon_pkg'
[1.138s] Level 1:colcon.colcon_core.package_identification:_identify(src/teleop) by extensions ['colcon_meta']
[1.138s] Level 1:colcon.colcon_core.package_identification:_identify(src/teleop) by extension 'colcon_meta'
[1.138s] Level 1:colcon.colcon_core.package_identification:_identify(src/teleop) by extensions ['ros']
[1.138s] Level 1:colcon.colcon_core.package_identification:_identify(src/teleop) by extension 'ros'
[1.141s] DEBUG:colcon.colcon_core.package_identification:Package 'src/teleop' with type 'ros.ament_python' and name 'teleop'
[1.141s] Level 1:colcon.colcon_core.package_discovery:discover_packages(recursive) using defaults
[1.141s] Level 1:colcon.colcon_core.package_discovery:discover_packages(ignore) discover
[1.141s] Level 1:colcon.colcon_core.package_discovery:discover_packages(ignore) using defaults
[1.141s] Level 1:colcon.colcon_core.package_discovery:discover_packages(path) discover
[1.141s] Level 1:colcon.colcon_core.package_discovery:discover_packages(path) using defaults
[1.220s] Level 1:colcon.colcon_core.package_discovery:discover_packages(prefix_path) check parameters
[1.221s] Level 1:colcon.colcon_core.package_discovery:discover_packages(prefix_path) discover
[1.248s] DEBUG:colcon.colcon_installed_package_information.package_discovery:Found 270 installed packages in /opt/ros/humble
[1.249s] Level 1:colcon.colcon_core.package_discovery:discover_packages(prefix_path) using defaults
[1.331s] Level 5:colcon.colcon_core.verb:set package 'teleop' build argument 'cmake_args' from command line to 'None'
[1.332s] Level 5:colcon.colcon_core.verb:set package 'teleop' build argument 'cmake_target' from command line to 'None'
[1.332s] Level 5:colcon.colcon_core.verb:set package 'teleop' build argument 'cmake_target_skip_unavailable' from command line to 'False'
[1.332s] Level 5:colcon.colcon_core.verb:set package 'teleop' build argument 'cmake_clean_cache' from command line to 'False'
[1.332s] Level 5:colcon.colcon_core.verb:set package 'teleop' build argument 'cmake_clean_first' from command line to 'False'
[1.332s] Level 5:colcon.colcon_core.verb:set package 'teleop' build argument 'cmake_force_configure' from command line to 'False'
[1.332s] Level 5:colcon.colcon_core.verb:set package 'teleop' build argument 'ament_cmake_args' from command line to 'None'
[1.332s] Level 5:colcon.colcon_core.verb:set package 'teleop' build argument 'catkin_cmake_args' from command line to 'None'
[1.332s] Level 5:colcon.colcon_core.verb:set package 'teleop' build argument 'catkin_skip_building_tests' from command line to 'False'
[1.332s] DEBUG:colcon.colcon_core.verb:Building package 'teleop' with the following arguments: {'ament_cmake_args': None, 'build_base': '/home/william/ros2_ws/build/teleop', 'catkin_cmake_args': None, 'catkin_skip_building_tests': False, 'cmake_args': None, 'cmake_clean_cache': False, 'cmake_clean_first': False, 'cmake_force_configure': False, 'cmake_target': None, 'cmake_target_skip_unavailable': False, 'install_base': '/home/william/ros2_ws/install/teleop', 'merge_install': False, 'path': '/home/william/ros2_ws/src/teleop', 'symlink_install': False, 'test_result_base': None}
[1.344s] INFO:colcon.colcon_core.executor:Executing jobs using 'parallel' executor
[1.357s] DEBUG:colcon.colcon_parallel_executor.executor.parallel:run_until_complete
[1.357s] INFO:colcon.colcon_ros.task.ament_python.build:Building ROS package in '/home/william/ros2_ws/src/teleop' with build type 'ament_python'
[1.357s] Level 1:colcon.colcon_core.shell:create_environment_hook('teleop', 'ament_prefix_path')
[1.387s] INFO:colcon.colcon_core.plugin_system:Skipping extension 'colcon_core.shell.bat': Not used on non-Windows systems
[1.387s] INFO:colcon.colcon_core.shell:Creating environment hook '/home/william/ros2_ws/install/teleop/share/teleop/hook/ament_prefix_path.ps1'
[1.388s] INFO:colcon.colcon_core.shell:Creating environment descriptor '/home/william/ros2_ws/install/teleop/share/teleop/hook/ament_prefix_path.dsv'
[1.389s] INFO:colcon.colcon_core.shell:Creating environment hook '/home/william/ros2_ws/install/teleop/share/teleop/hook/ament_prefix_path.sh'
[1.405s] INFO:colcon.colcon_core.shell:Skip shell extension 'powershell' for command environment: Not usable outside of PowerShell
[1.405s] DEBUG:colcon.colcon_core.shell:Skip shell extension 'dsv' for command environment
[1.763s] INFO:colcon.colcon_core.task.python.build:Building Python package in '/home/william/ros2_ws/src/teleop'
[1.786s] INFO:colcon.colcon_core.shell:Skip shell extension 'powershell' for command environment: Not usable outside of PowerShell
[1.786s] DEBUG:colcon.colcon_core.shell:Skip shell extension 'dsv' for command environment
[2.228s] DEBUG:colcon.colcon_core.event_handler.log_command:Invoking command in '/home/william/ros2_ws/src/teleop': PYTHONPATH=/home/william/ros2_ws/build/teleop/prefix_override:/home/william/ros2_ws/install/teleop/lib/python3.10/site-packages:${PYTHONPATH} /usr/bin/python3 setup.py egg_info --egg-base ../../build/teleop build --build-base /home/william/ros2_ws/build/teleop/build install --record /home/william/ros2_ws/build/teleop/install.log --single-version-externally-managed
[2.586s] DEBUG:colcon.colcon_core.event_handler.log_command:Invoked command in '/home/william/ros2_ws/src/teleop' returned '0': PYTHONPATH=/home/william/ros2_ws/build/teleop/prefix_override:/home/william/ros2_ws/install/teleop/lib/python3.10/site-packages:${PYTHONPATH} /usr/bin/python3 setup.py egg_info --egg-base ../../build/teleop build --build-base /home/william/ros2_ws/build/teleop/build install --record /home/william/ros2_ws/build/teleop/install.log --single-version-externally-managed
[2.605s] Level 1:colcon.colcon_core.environment:checking '/home/william/ros2_ws/install/teleop' for CMake module files
[2.606s] Level 1:colcon.colcon_core.environment:checking '/home/william/ros2_ws/install/teleop' for CMake config files
[2.606s] Level 1:colcon.colcon_core.environment:checking '/home/william/ros2_ws/install/teleop/lib'
[2.606s] Level 1:colcon.colcon_core.environment:checking '/home/william/ros2_ws/install/teleop/bin'
[2.606s] Level 1:colcon.colcon_core.environment:checking '/home/william/ros2_ws/install/teleop/lib/pkgconfig/teleop.pc'
[2.607s] Level 1:colcon.colcon_core.environment:checking '/home/william/ros2_ws/install/teleop/lib/python3.10/site-packages'
[2.607s] Level 1:colcon.colcon_core.shell:create_environment_hook('teleop', 'pythonpath')
[2.622s] INFO:colcon.colcon_core.shell:Creating environment hook '/home/william/ros2_ws/install/teleop/share/teleop/hook/pythonpath.ps1'
[2.622s] INFO:colcon.colcon_core.shell:Creating environment descriptor '/home/william/ros2_ws/install/teleop/share/teleop/hook/pythonpath.dsv'
[2.622s] INFO:colcon.colcon_core.shell:Creating environment hook '/home/william/ros2_ws/install/teleop/share/teleop/hook/pythonpath.sh'
[2.623s] Level 1:colcon.colcon_core.environment:checking '/home/william/ros2_ws/install/teleop/bin'
[2.623s] Level 1:colcon.colcon_core.environment:create_environment_scripts_only(teleop)
[2.636s] INFO:colcon.colcon_core.shell:Creating package script '/home/william/ros2_ws/install/teleop/share/teleop/package.ps1'
[2.637s] INFO:colcon.colcon_core.shell:Creating package descriptor '/home/william/ros2_ws/install/teleop/share/teleop/package.dsv'
[2.637s] INFO:colcon.colcon_core.shell:Creating package script '/home/william/ros2_ws/install/teleop/share/teleop/package.sh'
[2.638s] INFO:colcon.colcon_core.shell:Creating package script '/home/william/ros2_ws/install/teleop/share/teleop/package.bash'
[2.639s] INFO:colcon.colcon_core.shell:Creating package script '/home/william/ros2_ws/install/teleop/share/teleop/package.zsh'
[2.640s] Level 1:colcon.colcon_core.environment:create_file_with_runtime_dependencies(/home/william/ros2_ws/install/teleop/share/colcon-core/packages/teleop)
[2.640s] DEBUG:colcon.colcon_parallel_executor.executor.parallel:closing loop
[2.640s] DEBUG:colcon.colcon_parallel_executor.executor.parallel:loop closed
[2.640s] DEBUG:colcon.colcon_parallel_executor.executor.parallel:run_until_complete finished with '0'
[2.640s] DEBUG:colcon.colcon_core.event_reactor:joining thread
[2.661s] INFO:colcon.colcon_core.plugin_system:Skipping extension 'colcon_notification.desktop_notification.terminal_notifier': Not used on non-Darwin systems
[2.661s] INFO:colcon.colcon_core.plugin_system:Skipping extension 'colcon_notification.desktop_notification.win32': Not used on non-Windows systems
[2.661s] INFO:colcon.colcon_notification.desktop_notification:Sending desktop notification using 'notify2'
[2.676s] DEBUG:colcon.colcon_core.event_reactor:joined thread
[2.693s] INFO:colcon.colcon_core.shell:Creating prefix script '/home/william/ros2_ws/install/local_setup.ps1'
[2.694s] INFO:colcon.colcon_core.shell:Creating prefix util module '/home/william/ros2_ws/install/_local_setup_util_ps1.py'
[2.695s] INFO:colcon.colcon_core.shell:Creating prefix chain script '/home/william/ros2_ws/install/setup.ps1'
[2.712s] INFO:colcon.colcon_core.shell:Creating prefix script '/home/william/ros2_ws/install/local_setup.sh'
[2.713s] INFO:colcon.colcon_core.shell:Creating prefix util module '/home/william/ros2_ws/install/_local_setup_util_sh.py'
[2.713s] INFO:colcon.colcon_core.shell:Creating prefix chain script '/home/william/ros2_ws/install/setup.sh'
[2.727s] INFO:colcon.colcon_core.shell:Creating prefix script '/home/william/ros2_ws/install/local_setup.bash'
[2.728s] INFO:colcon.colcon_core.shell:Creating prefix chain script '/home/william/ros2_ws/install/setup.bash'
[2.742s] INFO:colcon.colcon_core.shell:Creating prefix script '/home/william/ros2_ws/install/local_setup.zsh'
[2.742s] INFO:colcon.colcon_core.shell:Creating prefix chain script '/home/william/ros2_ws/install/setup.zsh'
