/home/william/ros2_ws/install/teleop/lib/python3.10/site-packages/teleop/motorController.py
/home/william/ros2_ws/install/teleop/lib/python3.10/site-packages/teleop/joyListener.py
/home/william/ros2_ws/install/teleop/lib/python3.10/site-packages/teleop/maestro.py
/home/william/ros2_ws/install/teleop/lib/python3.10/site-packages/teleop/__init__.py
/home/william/ros2_ws/install/teleop/lib/python3.10/site-packages/teleop/umaestro.py
/home/william/ros2_ws/install/teleop/lib/python3.10/site-packages/teleop/__pycache__/motorController.cpython-310.pyc
/home/william/ros2_ws/install/teleop/lib/python3.10/site-packages/teleop/__pycache__/joyListener.cpython-310.pyc
/home/william/ros2_ws/install/teleop/lib/python3.10/site-packages/teleop/__pycache__/maestro.cpython-310.pyc
/home/william/ros2_ws/install/teleop/lib/python3.10/site-packages/teleop/__pycache__/__init__.cpython-310.pyc
/home/william/ros2_ws/install/teleop/lib/python3.10/site-packages/teleop/__pycache__/umaestro.cpython-310.pyc
/home/william/ros2_ws/install/teleop/share/ament_index/resource_index/packages/teleop
/home/william/ros2_ws/install/teleop/share/teleop/package.xml
/home/william/ros2_ws/install/teleop/share/teleop/launch/firstLaunch.py
/home/william/ros2_ws/install/teleop/lib/python3.10/site-packages/teleop-0.0.0-py3.10.egg-info/top_level.txt
/home/william/ros2_ws/install/teleop/lib/python3.10/site-packages/teleop-0.0.0-py3.10.egg-info/requires.txt
/home/william/ros2_ws/install/teleop/lib/python3.10/site-packages/teleop-0.0.0-py3.10.egg-info/dependency_links.txt
/home/william/ros2_ws/install/teleop/lib/python3.10/site-packages/teleop-0.0.0-py3.10.egg-info/zip-safe
/home/william/ros2_ws/install/teleop/lib/python3.10/site-packages/teleop-0.0.0-py3.10.egg-info/PKG-INFO
/home/william/ros2_ws/install/teleop/lib/python3.10/site-packages/teleop-0.0.0-py3.10.egg-info/entry_points.txt
/home/william/ros2_ws/install/teleop/lib/python3.10/site-packages/teleop-0.0.0-py3.10.egg-info/SOURCES.txt
/home/william/ros2_ws/install/teleop/lib/teleop/joyListener
