[0.679s] Invoking command in '/home/william/ros2_ws/build/teleop': PYTHONPATH=/home/william/ros2_ws/build/teleop/prefix_override:/home/william/ros2_ws/install/teleop/lib/python3.10/site-packages:${PYTHONPATH} /usr/bin/python3 setup.py develop --uninstall --editable --build-directory /home/william/ros2_ws/build/teleop/build
[0.918s] running develop
[1.068s] Removing /home/william/ros2_ws/install/teleop/lib/python3.10/site-packages/teleop.egg-link (link to .)
[1.087s] Invoked command in '/home/william/ros2_ws/build/teleop' returned '0': PYTHONPATH=/home/william/ros2_ws/build/teleop/prefix_override:/home/william/ros2_ws/install/teleop/lib/python3.10/site-packages:${PYTHONPATH} /usr/bin/python3 setup.py develop --uninstall --editable --build-directory /home/william/ros2_ws/build/teleop/build
[1.089s] Invoking command in '/home/william/ros2_ws/src/teleop': PYTHONPATH=/home/william/ros2_ws/build/teleop/prefix_override:/home/william/ros2_ws/install/teleop/lib/python3.10/site-packages:${PYTHONPATH} /usr/bin/python3 setup.py egg_info --egg-base ../../build/teleop build --build-base /home/william/ros2_ws/build/teleop/build install --record /home/william/ros2_ws/build/teleop/install.log --single-version-externally-managed
[1.305s] running egg_info
[1.305s] writing ../../build/teleop/teleop.egg-info/PKG-INFO
[1.306s] writing dependency_links to ../../build/teleop/teleop.egg-info/dependency_links.txt
[1.306s] writing entry points to ../../build/teleop/teleop.egg-info/entry_points.txt
[1.306s] writing requirements to ../../build/teleop/teleop.egg-info/requires.txt
[1.306s] writing top-level names to ../../build/teleop/teleop.egg-info/top_level.txt
[1.308s] reading manifest file '../../build/teleop/teleop.egg-info/SOURCES.txt'
[1.309s] writing manifest file '../../build/teleop/teleop.egg-info/SOURCES.txt'
[1.309s] running build
[1.309s] running build_py
[1.309s] copying teleop/motorController.py -> /home/william/ros2_ws/build/teleop/build/lib/teleop
[1.309s] running install
[1.310s] running install_lib
[1.311s] creating /home/william/ros2_ws/install/teleop/lib/python3.10/site-packages/teleop
[1.311s] copying /home/william/ros2_ws/build/teleop/build/lib/teleop/motorController.py -> /home/william/ros2_ws/install/teleop/lib/python3.10/site-packages/teleop
[1.311s] copying /home/william/ros2_ws/build/teleop/build/lib/teleop/joyListener.py -> /home/william/ros2_ws/install/teleop/lib/python3.10/site-packages/teleop
[1.311s] copying /home/william/ros2_ws/build/teleop/build/lib/teleop/maestro.py -> /home/william/ros2_ws/install/teleop/lib/python3.10/site-packages/teleop
[1.311s] copying /home/william/ros2_ws/build/teleop/build/lib/teleop/__init__.py -> /home/william/ros2_ws/install/teleop/lib/python3.10/site-packages/teleop
[1.311s] copying /home/william/ros2_ws/build/teleop/build/lib/teleop/umaestro.py -> /home/william/ros2_ws/install/teleop/lib/python3.10/site-packages/teleop
[1.312s] byte-compiling /home/william/ros2_ws/install/teleop/lib/python3.10/site-packages/teleop/motorController.py to motorController.cpython-310.pyc
[1.312s] byte-compiling /home/william/ros2_ws/install/teleop/lib/python3.10/site-packages/teleop/joyListener.py to joyListener.cpython-310.pyc
[1.312s] byte-compiling /home/william/ros2_ws/install/teleop/lib/python3.10/site-packages/teleop/maestro.py to maestro.cpython-310.pyc
[1.313s] byte-compiling /home/william/ros2_ws/install/teleop/lib/python3.10/site-packages/teleop/__init__.py to __init__.cpython-310.pyc
[1.313s] byte-compiling /home/william/ros2_ws/install/teleop/lib/python3.10/site-packages/teleop/umaestro.py to umaestro.cpython-310.pyc
[1.314s] running install_data
[1.314s] running install_egg_info
[1.316s] Copying ../../build/teleop/teleop.egg-info to /home/william/ros2_ws/install/teleop/lib/python3.10/site-packages/teleop-0.0.0-py3.10.egg-info
[1.317s] running install_scripts
[1.335s] Installing joyListener script to /home/william/ros2_ws/install/teleop/lib/teleop
[1.335s] writing list of installed files to '/home/william/ros2_ws/build/teleop/install.log'
[1.354s] Invoked command in '/home/william/ros2_ws/src/teleop' returned '0': PYTHONPATH=/home/william/ros2_ws/build/teleop/prefix_override:/home/william/ros2_ws/install/teleop/lib/python3.10/site-packages:${PYTHONPATH} /usr/bin/python3 setup.py egg_info --egg-base ../../build/teleop build --build-base /home/william/ros2_ws/build/teleop/build install --record /home/william/ros2_ws/build/teleop/install.log --single-version-externally-managed
