[1.020s] Invoking command in '/home/william/ros2_ws/src/teleop': PYTHONPATH=/home/william/ros2_ws/build/teleop/prefix_override:/home/william/ros2_ws/install/teleop/lib/python3.10/site-packages:${PYTHONPATH} /usr/bin/python3 setup.py egg_info --egg-base ../../build/teleop build --build-base /home/william/ros2_ws/build/teleop/build install --record /home/william/ros2_ws/build/teleop/install.log --single-version-externally-managed
[1.340s] running egg_info
[1.341s] writing ../../build/teleop/teleop.egg-info/PKG-INFO
[1.341s] writing dependency_links to ../../build/teleop/teleop.egg-info/dependency_links.txt
[1.341s] writing entry points to ../../build/teleop/teleop.egg-info/entry_points.txt
[1.342s] writing requirements to ../../build/teleop/teleop.egg-info/requires.txt
[1.342s] writing top-level names to ../../build/teleop/teleop.egg-info/top_level.txt
[1.344s] reading manifest file '../../build/teleop/teleop.egg-info/SOURCES.txt'
[1.346s] writing manifest file '../../build/teleop/teleop.egg-info/SOURCES.txt'
[1.346s] running build
[1.347s] running build_py
[1.347s] running install
[1.347s] running install_lib
[1.349s] creating /home/william/ros2_ws/install/teleop/lib/python3.10/site-packages/teleop
[1.349s] copying /home/william/ros2_ws/build/teleop/build/lib/teleop/motorController.py -> /home/william/ros2_ws/install/teleop/lib/python3.10/site-packages/teleop
[1.349s] copying /home/william/ros2_ws/build/teleop/build/lib/teleop/joyListener.py -> /home/william/ros2_ws/install/teleop/lib/python3.10/site-packages/teleop
[1.349s] copying /home/william/ros2_ws/build/teleop/build/lib/teleop/__init__.py -> /home/william/ros2_ws/install/teleop/lib/python3.10/site-packages/teleop
[1.349s] byte-compiling /home/william/ros2_ws/install/teleop/lib/python3.10/site-packages/teleop/motorController.py to motorController.cpython-310.pyc
[1.350s] byte-compiling /home/william/ros2_ws/install/teleop/lib/python3.10/site-packages/teleop/joyListener.py to joyListener.cpython-310.pyc
[1.350s] byte-compiling /home/william/ros2_ws/install/teleop/lib/python3.10/site-packages/teleop/__init__.py to __init__.cpython-310.pyc
[1.351s] running install_data
[1.351s] creating /home/william/ros2_ws/install/teleop/share/ament_index
[1.352s] creating /home/william/ros2_ws/install/teleop/share/ament_index/resource_index
[1.352s] creating /home/william/ros2_ws/install/teleop/share/ament_index/resource_index/packages
[1.352s] copying resource/teleop -> /home/william/ros2_ws/install/teleop/share/ament_index/resource_index/packages
[1.352s] copying package.xml -> /home/william/ros2_ws/install/teleop/share/teleop
[1.352s] creating /home/william/ros2_ws/install/teleop/share/teleop/launch
[1.352s] copying launch/firstLaunch.py -> /home/william/ros2_ws/install/teleop/share/teleop/launch
[1.352s] running install_egg_info
[1.354s] Copying ../../build/teleop/teleop.egg-info to /home/william/ros2_ws/install/teleop/lib/python3.10/site-packages/teleop-0.0.0-py3.10.egg-info
[1.355s] running install_scripts
[1.378s] writing list of installed files to '/home/william/ros2_ws/build/teleop/install.log'
[1.403s] Invoked command in '/home/william/ros2_ws/src/teleop' returned '0': PYTHONPATH=/home/william/ros2_ws/build/teleop/prefix_override:/home/william/ros2_ws/install/teleop/lib/python3.10/site-packages:${PYTHONPATH} /usr/bin/python3 setup.py egg_info --egg-base ../../build/teleop build --build-base /home/william/ros2_ws/build/teleop/build install --record /home/william/ros2_ws/build/teleop/install.log --single-version-externally-managed
