[1.550s] Invoking command in '/home/william/ros2_ws/src/teleop': PYTHONPATH=/home/william/ros2_ws/build/teleop/prefix_override:/home/william/ros2_ws/install/teleop/lib/python3.10/site-packages:${PYTHONPATH} /usr/bin/python3 setup.py egg_info --egg-base ../../build/teleop build --build-base /home/william/ros2_ws/build/teleop/build install --record /home/william/ros2_ws/build/teleop/install.log --single-version-externally-managed
[1.775s] running egg_info
[1.776s] writing ../../build/teleop/teleop.egg-info/PKG-INFO
[1.776s] writing dependency_links to ../../build/teleop/teleop.egg-info/dependency_links.txt
[1.776s] writing entry points to ../../build/teleop/teleop.egg-info/entry_points.txt
[1.777s] writing requirements to ../../build/teleop/teleop.egg-info/requires.txt
[1.777s] writing top-level names to ../../build/teleop/teleop.egg-info/top_level.txt
[1.778s] reading manifest file '../../build/teleop/teleop.egg-info/SOURCES.txt'
[1.779s] writing manifest file '../../build/teleop/teleop.egg-info/SOURCES.txt'
[1.779s] running build
[1.779s] running build_py
[1.779s] running install
[1.779s] running install_lib
[1.780s] running install_data
[1.781s] copying launch/firstLaunch.py -> /home/william/ros2_ws/install/teleop/share/teleop/launch
[1.781s] running install_egg_info
[1.783s] removing '/home/william/ros2_ws/install/teleop/lib/python3.10/site-packages/teleop-0.0.0-py3.10.egg-info' (and everything under it)
[1.783s] Copying ../../build/teleop/teleop.egg-info to /home/william/ros2_ws/install/teleop/lib/python3.10/site-packages/teleop-0.0.0-py3.10.egg-info
[1.784s] running install_scripts
[1.800s] writing list of installed files to '/home/william/ros2_ws/build/teleop/install.log'
[1.818s] Invoked command in '/home/william/ros2_ws/src/teleop' returned '0': PYTHONPATH=/home/william/ros2_ws/build/teleop/prefix_override:/home/william/ros2_ws/install/teleop/lib/python3.10/site-packages:${PYTHONPATH} /usr/bin/python3 setup.py egg_info --egg-base ../../build/teleop build --build-base /home/william/ros2_ws/build/teleop/build install --record /home/william/ros2_ws/build/teleop/install.log --single-version-externally-managed
