[0.768s] Invoking command in '/home/william/ros2_ws/src/teleop': PYTHONPATH=/home/william/ros2_ws/build/teleop/prefix_override:/home/william/ros2_ws/install/teleop/lib/python3.10/site-packages:${PYTHONPATH} /usr/bin/python3 setup.py egg_info --egg-base ../../build/teleop build --build-base /home/william/ros2_ws/build/teleop/build install --record /home/william/ros2_ws/build/teleop/install.log --single-version-externally-managed
[0.985s] running egg_info
[0.986s] writing ../../build/teleop/teleop.egg-info/PKG-INFO
[0.986s] writing dependency_links to ../../build/teleop/teleop.egg-info/dependency_links.txt
[0.986s] writing entry points to ../../build/teleop/teleop.egg-info/entry_points.txt
[0.986s] writing requirements to ../../build/teleop/teleop.egg-info/requires.txt
[0.986s] writing top-level names to ../../build/teleop/teleop.egg-info/top_level.txt
[0.988s] reading manifest file '../../build/teleop/teleop.egg-info/SOURCES.txt'
[0.988s] writing manifest file '../../build/teleop/teleop.egg-info/SOURCES.txt'
[0.988s] running build
[0.988s] running build_py
[0.989s] copying teleop/joyListener.py -> /home/william/ros2_ws/build/teleop/build/lib/teleop
[0.989s] running install
[0.989s] running install_lib
[0.989s] copying /home/william/ros2_ws/build/teleop/build/lib/teleop/joyListener.py -> /home/william/ros2_ws/install/teleop/lib/python3.10/site-packages/teleop
[0.990s] byte-compiling /home/william/ros2_ws/install/teleop/lib/python3.10/site-packages/teleop/joyListener.py to joyListener.cpython-310.pyc
[0.990s] running install_data
[0.991s] running install_egg_info
[0.992s] removing '/home/william/ros2_ws/install/teleop/lib/python3.10/site-packages/teleop-0.0.0-py3.10.egg-info' (and everything under it)
[0.992s] Copying ../../build/teleop/teleop.egg-info to /home/william/ros2_ws/install/teleop/lib/python3.10/site-packages/teleop-0.0.0-py3.10.egg-info
[0.993s] running install_scripts
[1.008s] Installing joyListener script to /home/william/ros2_ws/install/teleop/lib/teleop
[1.009s] writing list of installed files to '/home/william/ros2_ws/build/teleop/install.log'
[1.032s] Invoked command in '/home/william/ros2_ws/src/teleop' returned '0': PYTHONPATH=/home/william/ros2_ws/build/teleop/prefix_override:/home/william/ros2_ws/install/teleop/lib/python3.10/site-packages:${PYTHONPATH} /usr/bin/python3 setup.py egg_info --egg-base ../../build/teleop build --build-base /home/william/ros2_ws/build/teleop/build install --record /home/william/ros2_ws/build/teleop/install.log --single-version-externally-managed
