[0.978s] Invoking command in '/home/william/ros2_ws/src/teleop': PYTHONPATH=/home/william/ros2_ws/build/teleop/prefix_override:/home/william/ros2_ws/install/teleop/lib/python3.10/site-packages:${PYTHONPATH} /usr/bin/python3 setup.py egg_info --egg-base ../../build/teleop build --build-base /home/william/ros2_ws/build/teleop/build install --record /home/william/ros2_ws/build/teleop/install.log --single-version-externally-managed
[1.216s] running egg_info
[1.217s] writing ../../build/teleop/teleop.egg-info/PKG-INFO
[1.218s] writing dependency_links to ../../build/teleop/teleop.egg-info/dependency_links.txt
[1.218s] writing entry points to ../../build/teleop/teleop.egg-info/entry_points.txt
[1.218s] writing requirements to ../../build/teleop/teleop.egg-info/requires.txt
[1.218s] writing top-level names to ../../build/teleop/teleop.egg-info/top_level.txt
[1.221s] reading manifest file '../../build/teleop/teleop.egg-info/SOURCES.txt'
[1.288s] writing manifest file '../../build/teleop/teleop.egg-info/SOURCES.txt'
[1.289s] running build
[1.289s] running build_py
[1.289s] copying teleop/joyListener.py -> /home/william/ros2_ws/build/teleop/build/lib/teleop
[1.289s] running install
[1.290s] running install_lib
[1.291s] copying /home/william/ros2_ws/build/teleop/build/lib/teleop/joyListener.py -> /home/william/ros2_ws/install/teleop/lib/python3.10/site-packages/teleop
[1.291s] byte-compiling /home/william/ros2_ws/install/teleop/lib/python3.10/site-packages/teleop/joyListener.py to joyListener.cpython-310.pyc
[1.292s] running install_data
[1.293s] running install_egg_info
[1.295s] removing '/home/william/ros2_ws/install/teleop/lib/python3.10/site-packages/teleop-0.0.0-py3.10.egg-info' (and everything under it)
[1.295s] Copying ../../build/teleop/teleop.egg-info to /home/william/ros2_ws/install/teleop/lib/python3.10/site-packages/teleop-0.0.0-py3.10.egg-info
[1.297s] running install_scripts
[1.321s] Installing joyListener script to /home/william/ros2_ws/install/teleop/lib/teleop
[1.321s] writing list of installed files to '/home/william/ros2_ws/build/teleop/install.log'
[1.351s] Invoked command in '/home/william/ros2_ws/src/teleop' returned '0': PYTHONPATH=/home/william/ros2_ws/build/teleop/prefix_override:/home/william/ros2_ws/install/teleop/lib/python3.10/site-packages:${PYTHONPATH} /usr/bin/python3 setup.py egg_info --egg-base ../../build/teleop build --build-base /home/william/ros2_ws/build/teleop/build install --record /home/william/ros2_ws/build/teleop/install.log --single-version-externally-managed
