[0.720s] Invoking command in '/home/william/ros2_ws/src/teleop': PYTHONPATH=/home/william/ros2_ws/build/teleop/prefix_override:/home/william/ros2_ws/install/teleop/lib/python3.10/site-packages:${PYTHONPATH} /usr/bin/python3 setup.py egg_info --egg-base ../../build/teleop build --build-base /home/william/ros2_ws/build/teleop/build install --record /home/william/ros2_ws/build/teleop/install.log --single-version-externally-managed
[0.946s] running egg_info
[0.947s] writing ../../build/teleop/teleop.egg-info/PKG-INFO
[0.947s] writing dependency_links to ../../build/teleop/teleop.egg-info/dependency_links.txt
[0.947s] writing entry points to ../../build/teleop/teleop.egg-info/entry_points.txt
[0.947s] writing requirements to ../../build/teleop/teleop.egg-info/requires.txt
[0.947s] writing top-level names to ../../build/teleop/teleop.egg-info/top_level.txt
[0.949s] reading manifest file '../../build/teleop/teleop.egg-info/SOURCES.txt'
[0.949s] writing manifest file '../../build/teleop/teleop.egg-info/SOURCES.txt'
[0.949s] running build
[0.949s] running build_py
[0.950s] running install
[0.950s] running install_lib
[0.951s] running install_data
[0.951s] running install_egg_info
[0.953s] removing '/home/william/ros2_ws/install/teleop/lib/python3.10/site-packages/teleop-0.0.0-py3.10.egg-info' (and everything under it)
[0.953s] Copying ../../build/teleop/teleop.egg-info to /home/william/ros2_ws/install/teleop/lib/python3.10/site-packages/teleop-0.0.0-py3.10.egg-info
[0.954s] running install_scripts
[0.969s] Installing joyListener script to /home/william/ros2_ws/install/teleop/lib/teleop
[0.969s] writing list of installed files to '/home/william/ros2_ws/build/teleop/install.log'
[0.986s] Invoked command in '/home/william/ros2_ws/src/teleop' returned '0': PYTHONPATH=/home/william/ros2_ws/build/teleop/prefix_override:/home/william/ros2_ws/install/teleop/lib/python3.10/site-packages:${PYTHONPATH} /usr/bin/python3 setup.py egg_info --egg-base ../../build/teleop build --build-base /home/william/ros2_ws/build/teleop/build install --record /home/william/ros2_ws/build/teleop/install.log --single-version-externally-managed
