[0.747s] Invoking command in '/home/william/ros2_ws/src/teleop': PYTHONPATH=/home/william/ros2_ws/build/teleop/prefix_override:/home/william/ros2_ws/install/teleop/lib/python3.10/site-packages:${PYTHONPATH} /usr/bin/python3 setup.py egg_info --egg-base ../../build/teleop build --build-base /home/william/ros2_ws/build/teleop/build install --record /home/william/ros2_ws/build/teleop/install.log --single-version-externally-managed
[1.012s] running egg_info
[1.013s] writing ../../build/teleop/teleop.egg-info/PKG-INFO
[1.013s] writing dependency_links to ../../build/teleop/teleop.egg-info/dependency_links.txt
[1.013s] writing entry points to ../../build/teleop/teleop.egg-info/entry_points.txt
[1.013s] writing requirements to ../../build/teleop/teleop.egg-info/requires.txt
[1.013s] writing top-level names to ../../build/teleop/teleop.egg-info/top_level.txt
[1.015s] reading manifest file '../../build/teleop/teleop.egg-info/SOURCES.txt'
[1.016s] writing manifest file '../../build/teleop/teleop.egg-info/SOURCES.txt'
[1.016s] running build
[1.016s] running build_py
[1.016s] running install
[1.017s] running install_lib
[1.018s] running install_data
[1.018s] running install_egg_info
[1.020s] removing '/home/william/ros2_ws/install/teleop/lib/python3.10/site-packages/teleop-0.0.0-py3.10.egg-info' (and everything under it)
[1.020s] Copying ../../build/teleop/teleop.egg-info to /home/william/ros2_ws/install/teleop/lib/python3.10/site-packages/teleop-0.0.0-py3.10.egg-info
[1.021s] running install_scripts
[1.043s] Installing joyListener script to /home/william/ros2_ws/install/teleop/lib/python3.10/teleop
[1.043s] writing list of installed files to '/home/william/ros2_ws/build/teleop/install.log'
[1.067s] Invoked command in '/home/william/ros2_ws/src/teleop' returned '0': PYTHONPATH=/home/william/ros2_ws/build/teleop/prefix_override:/home/william/ros2_ws/install/teleop/lib/python3.10/site-packages:${PYTHONPATH} /usr/bin/python3 setup.py egg_info --egg-base ../../build/teleop build --build-base /home/william/ros2_ws/build/teleop/build install --record /home/william/ros2_ws/build/teleop/install.log --single-version-externally-managed
