[0.870s] Invoking command in '/home/william/ros2_ws/src/teleop': PYTHONPATH=/home/william/ros2_ws/build/teleop/prefix_override:/home/william/ros2_ws/install/teleop/lib/python3.10/site-packages:${PYTHONPATH} /usr/bin/python3 setup.py egg_info --egg-base ../../build/teleop build --build-base /home/william/ros2_ws/build/teleop/build install --record /home/william/ros2_ws/build/teleop/install.log --single-version-externally-managed
[1.083s] running egg_info
[1.084s] creating ../../build/teleop/teleop.egg-info
[1.084s] writing ../../build/teleop/teleop.egg-info/PKG-INFO
[1.085s] writing dependency_links to ../../build/teleop/teleop.egg-info/dependency_links.txt
[1.085s] writing entry points to ../../build/teleop/teleop.egg-info/entry_points.txt
[1.085s] writing requirements to ../../build/teleop/teleop.egg-info/requires.txt
[1.085s] writing top-level names to ../../build/teleop/teleop.egg-info/top_level.txt
[1.086s] writing manifest file '../../build/teleop/teleop.egg-info/SOURCES.txt'
[1.087s] reading manifest file '../../build/teleop/teleop.egg-info/SOURCES.txt'
[1.087s] writing manifest file '../../build/teleop/teleop.egg-info/SOURCES.txt'
[1.088s] running build
[1.088s] running build_py
[1.088s] creating /home/william/ros2_ws/build/teleop/build
[1.088s] creating /home/william/ros2_ws/build/teleop/build/lib
[1.088s] creating /home/william/ros2_ws/build/teleop/build/lib/teleop
[1.088s] copying teleop/motorController.py -> /home/william/ros2_ws/build/teleop/build/lib/teleop
[1.088s] copying teleop/joyListener.py -> /home/william/ros2_ws/build/teleop/build/lib/teleop
[1.088s] copying teleop/__init__.py -> /home/william/ros2_ws/build/teleop/build/lib/teleop
[1.088s] running install
[1.164s] /usr/lib/python3/dist-packages/setuptools/command/install.py:34: SetuptoolsDeprecationWarning: setup.py install is deprecated. Use build and pip and other standards-based tools.
[1.164s]   warnings.warn(
[1.165s] running install_lib
[1.166s] creating /home/william/ros2_ws/install/teleop/lib/python3.10/site-packages/teleop
[1.166s] copying /home/william/ros2_ws/build/teleop/build/lib/teleop/motorController.py -> /home/william/ros2_ws/install/teleop/lib/python3.10/site-packages/teleop
[1.166s] copying /home/william/ros2_ws/build/teleop/build/lib/teleop/joyListener.py -> /home/william/ros2_ws/install/teleop/lib/python3.10/site-packages/teleop
[1.166s] copying /home/william/ros2_ws/build/teleop/build/lib/teleop/__init__.py -> /home/william/ros2_ws/install/teleop/lib/python3.10/site-packages/teleop
[1.167s] byte-compiling /home/william/ros2_ws/install/teleop/lib/python3.10/site-packages/teleop/motorController.py to motorController.cpython-310.pyc
[1.168s] byte-compiling /home/william/ros2_ws/install/teleop/lib/python3.10/site-packages/teleop/joyListener.py to joyListener.cpython-310.pyc
[1.169s] byte-compiling /home/william/ros2_ws/install/teleop/lib/python3.10/site-packages/teleop/__init__.py to __init__.cpython-310.pyc
[1.169s] running install_data
[1.170s] creating /home/william/ros2_ws/install/teleop/share/ament_index
[1.170s] creating /home/william/ros2_ws/install/teleop/share/ament_index/resource_index
[1.170s] creating /home/william/ros2_ws/install/teleop/share/ament_index/resource_index/packages
[1.170s] copying resource/teleop -> /home/william/ros2_ws/install/teleop/share/ament_index/resource_index/packages
[1.170s] copying package.xml -> /home/william/ros2_ws/install/teleop/share/teleop
[1.171s] running install_egg_info
[1.173s] Copying ../../build/teleop/teleop.egg-info to /home/william/ros2_ws/install/teleop/lib/python3.10/site-packages/teleop-0.0.0-py3.10.egg-info
[1.174s] running install_scripts
[1.204s] writing list of installed files to '/home/william/ros2_ws/build/teleop/install.log'
[1.229s] Invoked command in '/home/william/ros2_ws/src/teleop' returned '0': PYTHONPATH=/home/william/ros2_ws/build/teleop/prefix_override:/home/william/ros2_ws/install/teleop/lib/python3.10/site-packages:${PYTHONPATH} /usr/bin/python3 setup.py egg_info --egg-base ../../build/teleop build --build-base /home/william/ros2_ws/build/teleop/build install --record /home/william/ros2_ws/build/teleop/install.log --single-version-externally-managed
