[0.686s] Invoking command in '/home/william/cusub2.1/cusub2_teleoperation': PYTHONPATH=/home/william/cusub2.1/build/cusub2_teleoperation/prefix_override:/home/william/cusub2.1/install/cusub2_teleoperation/lib/python3.10/site-packages:${PYTHONPATH} /usr/bin/python3 setup.py egg_info --egg-base ../build/cusub2_teleoperation build --build-base /home/william/cusub2.1/build/cusub2_teleoperation/build install --record /home/william/cusub2.1/build/cusub2_teleoperation/install.log --single-version-externally-managed
[0.896s] running egg_info
[0.897s] writing ../build/cusub2_teleoperation/cusub2_teleoperation.egg-info/PKG-INFO
[0.897s] writing dependency_links to ../build/cusub2_teleoperation/cusub2_teleoperation.egg-info/dependency_links.txt
[0.897s] writing entry points to ../build/cusub2_teleoperation/cusub2_teleoperation.egg-info/entry_points.txt
[0.897s] writing requirements to ../build/cusub2_teleoperation/cusub2_teleoperation.egg-info/requires.txt
[0.897s] writing top-level names to ../build/cusub2_teleoperation/cusub2_teleoperation.egg-info/top_level.txt
[0.899s] reading manifest file '../build/cusub2_teleoperation/cusub2_teleoperation.egg-info/SOURCES.txt'
[0.899s] writing manifest file '../build/cusub2_teleoperation/cusub2_teleoperation.egg-info/SOURCES.txt'
[0.899s] running build
[0.899s] running build_py
[0.900s] running install
[0.900s] running install_lib
[0.901s] running install_data
[0.902s] running install_egg_info
[0.903s] removing '/home/william/cusub2.1/install/cusub2_teleoperation/lib/python3.10/site-packages/cusub2_teleoperation-0.0.0-py3.10.egg-info' (and everything under it)
[0.903s] Copying ../build/cusub2_teleoperation/cusub2_teleoperation.egg-info to /home/william/cusub2.1/install/cusub2_teleoperation/lib/python3.10/site-packages/cusub2_teleoperation-0.0.0-py3.10.egg-info
[0.904s] running install_scripts
[0.919s] Installing joyListener script to /home/william/cusub2.1/install/cusub2_teleoperation/lib/cusub2_teleoperation
[0.919s] writing list of installed files to '/home/william/cusub2.1/build/cusub2_teleoperation/install.log'
[0.937s] Invoked command in '/home/william/cusub2.1/cusub2_teleoperation' returned '0': PYTHONPATH=/home/william/cusub2.1/build/cusub2_teleoperation/prefix_override:/home/william/cusub2.1/install/cusub2_teleoperation/lib/python3.10/site-packages:${PYTHONPATH} /usr/bin/python3 setup.py egg_info --egg-base ../build/cusub2_teleoperation build --build-base /home/william/cusub2.1/build/cusub2_teleoperation/build install --record /home/william/cusub2.1/build/cusub2_teleoperation/install.log --single-version-externally-managed
