[0.745s] Invoking command in '/home/william/ros2_ws/src/teleop': PYTHONPATH=/home/william/ros2_ws/build/teleop/prefix_override:/home/william/ros2_ws/install/teleop/lib/python3.10/site-packages:${PYTHONPATH} /usr/bin/python3 setup.py egg_info --egg-base ../../build/teleop build --build-base /home/william/ros2_ws/build/teleop/build install --record /home/william/ros2_ws/build/teleop/install.log --single-version-externally-managed
[0.956s] running egg_info
[0.957s] writing ../../build/teleop/teleop.egg-info/PKG-INFO
[0.957s] writing dependency_links to ../../build/teleop/teleop.egg-info/dependency_links.txt
[0.958s] writing entry points to ../../build/teleop/teleop.egg-info/entry_points.txt
[0.958s] writing requirements to ../../build/teleop/teleop.egg-info/requires.txt
[0.958s] writing top-level names to ../../build/teleop/teleop.egg-info/top_level.txt
[0.959s] reading manifest file '../../build/teleop/teleop.egg-info/SOURCES.txt'
[0.960s] writing manifest file '../../build/teleop/teleop.egg-info/SOURCES.txt'
[0.960s] running build
[0.960s] running build_py
[0.961s] running install
[0.961s] running install_lib
[0.962s] byte-compiling /home/william/ros2_ws/install/teleop/lib/python3.10/site-packages/teleop/joyListener.py to joyListener.cpython-310.pyc
[0.963s]   File "/home/william/ros2_ws/install/teleop/lib/python3.10/site-packages/teleop/joyListener.py", line 8
[0.963s]     import .motorController # Class with motor control functions
[0.963s]            ^
[0.963s] SyntaxError: invalid syntax
[0.963s] 
[0.963s] running install_data
[0.963s] running install_egg_info
[0.965s] removing '/home/william/ros2_ws/install/teleop/lib/python3.10/site-packages/teleop-0.0.0-py3.10.egg-info' (and everything under it)
[0.965s] Copying ../../build/teleop/teleop.egg-info to /home/william/ros2_ws/install/teleop/lib/python3.10/site-packages/teleop-0.0.0-py3.10.egg-info
[0.966s] running install_scripts
[0.981s] Installing joyListener script to /home/william/ros2_ws/install/teleop/lib/teleop
[0.982s] writing list of installed files to '/home/william/ros2_ws/build/teleop/install.log'
[0.998s] Invoked command in '/home/william/ros2_ws/src/teleop' returned '0': PYTHONPATH=/home/william/ros2_ws/build/teleop/prefix_override:/home/william/ros2_ws/install/teleop/lib/python3.10/site-packages:${PYTHONPATH} /usr/bin/python3 setup.py egg_info --egg-base ../../build/teleop build --build-base /home/william/ros2_ws/build/teleop/build install --record /home/william/ros2_ws/build/teleop/install.log --single-version-externally-managed
