[0.645s] Invoking command in '/home/william/cusub2.1/cusub2_teleoperation': PYTHONPATH=/home/william/cusub2.1/build/cusub2_teleoperation/prefix_override:/home/william/cusub2.1/install/cusub2_teleoperation/lib/python3.10/site-packages:${PYTHONPATH} /usr/bin/python3 setup.py egg_info --egg-base ../build/cusub2_teleoperation build --build-base /home/william/cusub2.1/build/cusub2_teleoperation/build install --record /home/william/cusub2.1/build/cusub2_teleoperation/install.log --single-version-externally-managed
[0.853s] running egg_info
[0.853s] writing ../build/cusub2_teleoperation/cusub2_teleoperation.egg-info/PKG-INFO
[0.853s] writing dependency_links to ../build/cusub2_teleoperation/cusub2_teleoperation.egg-info/dependency_links.txt
[0.854s] writing entry points to ../build/cusub2_teleoperation/cusub2_teleoperation.egg-info/entry_points.txt
[0.854s] writing requirements to ../build/cusub2_teleoperation/cusub2_teleoperation.egg-info/requires.txt
[0.854s] writing top-level names to ../build/cusub2_teleoperation/cusub2_teleoperation.egg-info/top_level.txt
[0.855s] reading manifest file '../build/cusub2_teleoperation/cusub2_teleoperation.egg-info/SOURCES.txt'
[0.856s] writing manifest file '../build/cusub2_teleoperation/cusub2_teleoperation.egg-info/SOURCES.txt'
[0.856s] running build
[0.856s] running build_py
[0.857s] creating /home/william/cusub2.1/build/cusub2_teleoperation/build/lib/cusub2_teleoperation/Maestro
[0.857s] copying cusub2_teleoperation/Maestro/maestro.py -> /home/william/cusub2.1/build/cusub2_teleoperation/build/lib/cusub2_teleoperation/Maestro
[0.857s] copying cusub2_teleoperation/Maestro/__init__.py -> /home/william/cusub2.1/build/cusub2_teleoperation/build/lib/cusub2_teleoperation/Maestro
[0.857s] copying cusub2_teleoperation/Maestro/umaestro.py -> /home/william/cusub2.1/build/cusub2_teleoperation/build/lib/cusub2_teleoperation/Maestro
[0.857s] running install
[0.857s] running install_lib
[0.858s] creating /home/william/cusub2.1/install/cusub2_teleoperation/lib/python3.10/site-packages/cusub2_teleoperation/Maestro
[0.858s] copying /home/william/cusub2.1/build/cusub2_teleoperation/build/lib/cusub2_teleoperation/Maestro/maestro.py -> /home/william/cusub2.1/install/cusub2_teleoperation/lib/python3.10/site-packages/cusub2_teleoperation/Maestro
[0.859s] copying /home/william/cusub2.1/build/cusub2_teleoperation/build/lib/cusub2_teleoperation/Maestro/__init__.py -> /home/william/cusub2.1/install/cusub2_teleoperation/lib/python3.10/site-packages/cusub2_teleoperation/Maestro
[0.859s] copying /home/william/cusub2.1/build/cusub2_teleoperation/build/lib/cusub2_teleoperation/Maestro/umaestro.py -> /home/william/cusub2.1/install/cusub2_teleoperation/lib/python3.10/site-packages/cusub2_teleoperation/Maestro
[0.859s] byte-compiling /home/william/cusub2.1/install/cusub2_teleoperation/lib/python3.10/site-packages/cusub2_teleoperation/Maestro/maestro.py to maestro.cpython-310.pyc
[0.860s] byte-compiling /home/william/cusub2.1/install/cusub2_teleoperation/lib/python3.10/site-packages/cusub2_teleoperation/Maestro/__init__.py to __init__.cpython-310.pyc
[0.860s] byte-compiling /home/william/cusub2.1/install/cusub2_teleoperation/lib/python3.10/site-packages/cusub2_teleoperation/Maestro/umaestro.py to umaestro.cpython-310.pyc
[0.861s] running install_data
[0.861s] running install_egg_info
[0.862s] removing '/home/william/cusub2.1/install/cusub2_teleoperation/lib/python3.10/site-packages/cusub2_teleoperation-0.0.0-py3.10.egg-info' (and everything under it)
[0.863s] Copying ../build/cusub2_teleoperation/cusub2_teleoperation.egg-info to /home/william/cusub2.1/install/cusub2_teleoperation/lib/python3.10/site-packages/cusub2_teleoperation-0.0.0-py3.10.egg-info
[0.863s] running install_scripts
[0.878s] Installing joyListener script to /home/william/cusub2.1/install/cusub2_teleoperation/lib/cusub2_teleoperation
[0.879s] writing list of installed files to '/home/william/cusub2.1/build/cusub2_teleoperation/install.log'
[0.895s] Invoked command in '/home/william/cusub2.1/cusub2_teleoperation' returned '0': PYTHONPATH=/home/william/cusub2.1/build/cusub2_teleoperation/prefix_override:/home/william/cusub2.1/install/cusub2_teleoperation/lib/python3.10/site-packages:${PYTHONPATH} /usr/bin/python3 setup.py egg_info --egg-base ../build/cusub2_teleoperation build --build-base /home/william/cusub2.1/build/cusub2_teleoperation/build install --record /home/william/cusub2.1/build/cusub2_teleoperation/install.log --single-version-externally-managed
